Mobile/build/app/intermediates/manifest_merge_blame_file/release/manifest-merger-blame-release-report.txt
1<?xml version="1.0" encoding="utf-8"?>
2<manifest xmlns:android="http://schemas.android.com/apk/res/android"
3    package="com.test.app"
4    android:versionCode="4001"
5    android:versionName="1.0.0" >
6
7    <uses-sdk
8        android:minSdkVersion="21"
8-->src/main/AndroidManifest.xml
9        android:targetSdkVersion="31" />
9-->src/main/AndroidManifest.xml
10    <!--
11         io.flutter.app.FlutterApplication is an android.app.Application that
12         calls FlutterMain.startInitialization(this); in its onCreate method.
13         In most cases you can leave this as-is, but you if you want to provide
14         additional functionality it is fine to subclass or reimplement
15         FlutterApplication and put your custom class here.
16    -->
17
18    <uses-permission android:name="android.permission.INTERNET" />
18-->src/main/AndroidManifest.xml:9:5-66
18-->src/main/AndroidManifest.xml:9:22-64
19    <uses-permission android:name="android.permission.ACCESS_NETWORK_STATE" />
19-->[:connectivity_plus] AndroidManifest.xml:7:5-79
19-->[:connectivity_plus] AndroidManifest.xml:7:22-76
20
21    <application
21-->src/main/AndroidManifest.xml:12:5-46:19
22        android:appComponentFactory="androidx.core.app.CoreComponentFactory"
22-->[androidx.core:core:1.6.0] AndroidManifest.xml:24:18-86
23        android:icon="@mipmap/ic_launcher"
23-->src/main/AndroidManifest.xml:14:9-43
24        android:label="test" >
24-->src/main/AndroidManifest.xml:13:9-29
25        <activity
25-->src/main/AndroidManifest.xml:15:9-40:20
26            android:name="com.test.app.MainActivity"
26-->src/main/AndroidManifest.xml:16:13-41
27            android:configChanges="orientation|keyboardHidden|keyboard|screenSize|smallestScreenSize|locale|layoutDirection|fontScale|screenLayout|density|uiMode"
27-->src/main/AndroidManifest.xml:19:13-163
28            android:exported="true"
28-->src/main/AndroidManifest.xml:22:13-36
29            android:hardwareAccelerated="true"
29-->src/main/AndroidManifest.xml:20:13-47
30            android:launchMode="singleTop"
30-->src/main/AndroidManifest.xml:17:13-43
31            android:theme="@style/LaunchTheme"
31-->src/main/AndroidManifest.xml:18:13-47
32            android:windowSoftInputMode="adjustResize" >
32-->src/main/AndroidManifest.xml:21:13-55
33
34            <!--
35                 Specifies an Android theme to apply to this Activity as soon as
36                 the Android process has started. This theme is visible to the user
37                 while the Flutter UI initializes. After that, this theme continues
38                 to determine the Window background behind the Flutter UI.
39            -->
40            <meta-data
40-->src/main/AndroidManifest.xml:27:13-30:17
41                android:name="io.flutter.embedding.android.NormalTheme"
41-->src/main/AndroidManifest.xml:28:15-70
42                android:resource="@style/NormalTheme" />
42-->src/main/AndroidManifest.xml:29:15-52
43            <!--
44                 Displays an Android View that continues showing the launch screen
45                 Drawable until Flutter paints its first frame, then this splash
46                 screen fades out. A splash screen is useful to avoid any visual
47                 gap between the end of Android's launch screen and the painting of
48                 Flutter's first frame.
49            -->
50            <intent-filter>
50-->src/main/AndroidManifest.xml:36:13-39:29
51                <action android:name="android.intent.action.MAIN" />
51-->src/main/AndroidManifest.xml:37:17-68
51-->src/main/AndroidManifest.xml:37:25-66
52
53                <category android:name="android.intent.category.LAUNCHER" />
53-->src/main/AndroidManifest.xml:38:17-76
53-->src/main/AndroidManifest.xml:38:27-74
54            </intent-filter>
55        </activity>
56        <!--
57             Don't delete the meta-data below.
58             This is used by the Flutter tool to generate GeneratedPluginRegistrant.java
59        -->
60        <meta-data
60-->src/main/AndroidManifest.xml:43:9-45:33
61            android:name="flutterEmbedding"
61-->src/main/AndroidManifest.xml:44:13-44
62            android:value="2" />
62-->src/main/AndroidManifest.xml:45:13-30
63
64        <uses-library
64-->[androidx.window:window:1.0.0-beta04] AndroidManifest.xml:25:9-27:40
65            android:name="androidx.window.extensions"
65-->[androidx.window:window:1.0.0-beta04] AndroidManifest.xml:26:13-54
66            android:required="false" />
66-->[androidx.window:window:1.0.0-beta04] AndroidManifest.xml:27:13-37
67        <uses-library
67-->[androidx.window:window:1.0.0-beta04] AndroidManifest.xml:28:9-30:40
68            android:name="androidx.window.sidecar"
68-->[androidx.window:window:1.0.0-beta04] AndroidManifest.xml:29:13-51
69            android:required="false" />
69-->[androidx.window:window:1.0.0-beta04] AndroidManifest.xml:30:13-37
70    </application>
71
72</manifest>